<?xml version="1.0" encoding="UTF-8"?>
<testng-results skipped="0" failed="0" ignored="0" total="1" passed="1">
  <reporter-output>
  </reporter-output>
  <suite name="Default suite" duration-ms="4213" started-at="2017-06-23T09:58:35Z" finished-at="2017-06-23T09:58:39Z">
    <groups>
    </groups>
    <test name="Default test" duration-ms="4213" started-at="2017-06-23T09:58:35Z" finished-at="2017-06-23T09:58:39Z">
      <class name="testng.NewTest">
        <test-method status="PASS" signature="f()[pri:0, instance:testng.NewTest@32d992b2]" name="f" duration-ms="4153" started-at="2017-06-23T17:58:35Z" finished-at="2017-06-23T17:58:39Z">
          <reporter-output>
          </reporter-output>
        </test-method> <!-- f -->
      </class> <!-- testng.NewTest -->
    </test> <!-- Default test -->
  </suite> <!-- Default suite -->
</testng-results>
